0 info it worked if it ends with ok
1 verbose cli [ 'C:\\Program Files\\nodejs\\\\node.exe',
1 verbose cli   'C:\\Program Files\\nodejs\\node_modules\\npm\\bin\\npm-cli.js',
1 verbose cli   'install',
1 verbose cli   'validatos',
1 verbose cli   '--save' ]
2 info using npm@1.4.28
3 info using node@v0.10.32
4 verbose node symlink C:\Program Files\nodejs\\node.exe
5 verbose readDependencies using package.json deps
6 verbose cache add [ 'validatos', null ]
7 verbose cache add name=undefined spec="validatos" args=["validatos",null]
8 verbose parsed url { protocol: null,
8 verbose parsed url   slashes: null,
8 verbose parsed url   auth: null,
8 verbose parsed url   host: null,
8 verbose parsed url   port: null,
8 verbose parsed url   hostname: null,
8 verbose parsed url   hash: null,
8 verbose parsed url   search: null,
8 verbose parsed url   query: null,
8 verbose parsed url   pathname: 'validatos',
8 verbose parsed url   path: 'validatos',
8 verbose parsed url   href: 'validatos' }
9 silly lockFile e0648a6e-validatos validatos
10 verbose lock validatos C:\Users\Personal\AppData\Roaming\npm-cache\e0648a6e-validatos.lock
11 silly lockFile e0648a6e-validatos validatos
12 silly lockFile e0648a6e-validatos validatos
13 verbose addNamed [ 'validatos', '' ]
14 verbose addNamed [ null, '*' ]
15 silly lockFile 29b3e2bc-validatos validatos@
16 verbose lock validatos@ C:\Users\Personal\AppData\Roaming\npm-cache\29b3e2bc-validatos.lock
17 silly addNameRange { name: 'validatos', range: '*', hasData: false }
18 verbose request where is /validatos
19 verbose request registry https://registry.npmjs.org/
20 verbose request id 683145870930eec4
21 verbose url raw /validatos
22 verbose url resolving [ 'https://registry.npmjs.org/', './validatos' ]
23 verbose url resolved https://registry.npmjs.org/validatos
24 verbose request where is https://registry.npmjs.org/validatos
25 info trying registry request attempt 1 at 15:50:42
26 http GET https://registry.npmjs.org/validatos
27 http 404 https://registry.npmjs.org/validatos
28 verbose headers { date: 'Wed, 24 Sep 2014 20:50:47 GMT',
28 verbose headers   server: 'CouchDB/1.5.0 (Erlang OTP/R16B03)',
28 verbose headers   'content-type': 'application/json',
28 verbose headers   'cache-control': 'max-age=0',
28 verbose headers   'content-length': '52',
28 verbose headers   'accept-ranges': 'bytes',
28 verbose headers   via: '1.1 varnish',
28 verbose headers   age: '0',
28 verbose headers   'x-served-by': 'cache-iad2133-IAD',
28 verbose headers   'x-cache': 'MISS',
28 verbose headers   'x-cache-hits': '0',
28 verbose headers   'x-timer': 'S1411591847.456231,VS0,VE13',
28 verbose headers   'keep-alive': 'timeout=10, max=50',
28 verbose headers   connection: 'Keep-Alive' }
29 silly registry.get cb [ 404,
29 silly registry.get   { date: 'Wed, 24 Sep 2014 20:50:47 GMT',
29 silly registry.get     server: 'CouchDB/1.5.0 (Erlang OTP/R16B03)',
29 silly registry.get     'content-type': 'application/json',
29 silly registry.get     'cache-control': 'max-age=0',
29 silly registry.get     'content-length': '52',
29 silly registry.get     'accept-ranges': 'bytes',
29 silly registry.get     via: '1.1 varnish',
29 silly registry.get     age: '0',
29 silly registry.get     'x-served-by': 'cache-iad2133-IAD',
29 silly registry.get     'x-cache': 'MISS',
29 silly registry.get     'x-cache-hits': '0',
29 silly registry.get     'x-timer': 'S1411591847.456231,VS0,VE13',
29 silly registry.get     'keep-alive': 'timeout=10, max=50',
29 silly registry.get     connection: 'Keep-Alive' } ]
30 silly lockFile 29b3e2bc-validatos validatos@
31 silly lockFile 29b3e2bc-validatos validatos@
32 error 404 404 Not Found: validatos
32 error 404
32 error 404 'validatos' is not in the npm registry.
32 error 404 You should bug the author to publish it
32 error 404 It was specified as a dependency of 'appjade'
32 error 404
32 error 404 Note that you can also install from a
32 error 404 tarball, folder, or http url, or git url.
33 error System Windows_NT 6.1.7601
34 error command "C:\\Program Files\\nodejs\\\\node.exe" "C:\\Program Files\\nodejs\\node_modules\\npm\\bin\\npm-cli.js" "install" "validatos" "--save"
35 error cwd C:\nodeserver\www\appjade
36 error node -v v0.10.32
37 error npm -v 1.4.28
38 error code E404
39 verbose exit [ 1, true ]
